2025-07-01 00:20:01.500 [background-preinit] WARN  o.s.h.converter.json.Jackson2ObjectMapperBuilder - For Jackson Kotlin classes support please add "com.fasterxml.jackson.module:jackson-module-kotlin" to the classpath
2025-07-01 00:20:18.726 [background-preinit] WARN  o.s.h.converter.json.Jackson2ObjectMapperBuilder - For Jackson Kotlin classes support please add "com.fasterxml.jackson.module:jackson-module-kotlin" to the classpath
2025-07-01 00:21:13.059 [http-nio-8080-exec-3] WARN  o.s.w.s.m.m.a.ExceptionHandlerExceptionResolver - Resolved [org.springframework.transaction.CannotCreateTransactionException: Could not open JDBC Connection for transaction; nested exception is java.sql.SQLSyntaxErrorException: Unknown database 'learn']
2025-07-01 00:21:33.640 [background-preinit] WARN  o.s.h.converter.json.Jackson2ObjectMapperBuilder - For Jackson Kotlin classes support please add "com.fasterxml.jackson.module:jackson-module-kotlin" to the classpath
2025-07-01 00:22:02.088 [http-nio-8080-exec-2] WARN  o.s.w.s.m.m.a.ExceptionHandlerExceptionResolver - Resolved [org.springframework.boot.context.properties.bind.BindException: Failed to bind properties under '' to com.zaxxer.hikari.HikariDataSource]
2025-07-01 00:23:31.643 [background-preinit] WARN  o.s.h.converter.json.Jackson2ObjectMapperBuilder - For Jackson Kotlin classes support please add "com.fasterxml.jackson.module:jackson-module-kotlin" to the classpath
2025-07-01 00:24:16.912 [Thread-10] WARN  o.s.jdbc.support.SQLErrorCodesFactory - Error while extracting database name
org.springframework.jdbc.support.MetaDataAccessException: Error while extracting DatabaseMetaData; nested exception is org.h2.jdbc.JdbcSQLNonTransientConnectionException: Database is already closed (to disable automatic closing at VM shutdown, add ";DB_CLOSE_ON_EXIT=FALSE" to the db URL) [90121-200]
	at org.springframework.jdbc.support.JdbcUtils.extractDatabaseMetaData(JdbcUtils.java:366)
	at org.springframework.jdbc.support.SQLErrorCodesFactory.resolveErrorCodes(SQLErrorCodesFactory.java:235)
	at org.springframework.jdbc.support.SQLErrorCodeSQLExceptionTranslator.lambda$setDataSource$0(SQLErrorCodeSQLExceptionTranslator.java:140)
	at org.springframework.util.function.SingletonSupplier.get(SingletonSupplier.java:97)
	at org.springframework.jdbc.support.SQLErrorCodeSQLExceptionTranslator.setDataSource(SQLErrorCodeSQLExceptionTranslator.java:141)
	at org.springframework.jdbc.support.SQLErrorCodeSQLExceptionTranslator.<init>(SQLErrorCodeSQLExceptionTranslator.java:102)
	at org.springframework.jdbc.support.JdbcAccessor.getExceptionTranslator(JdbcAccessor.java:136)
	at org.springframework.jdbc.core.JdbcTemplate.translateException(JdbcTemplate.java:1541)
	at org.springframework.jdbc.core.JdbcTemplate.execute(JdbcTemplate.java:393)
	at org.springframework.jdbc.core.JdbcTemplate.execute(JdbcTemplate.java:431)
	at com.project.system.service.impl.SandboxInitializeImpl.lambda$initializeSandbox$0(SandboxInitializeImpl.java:50)
	at java.base/java.lang.Thread.run(Thread.java:842)
Caused by: org.h2.jdbc.JdbcSQLNonTransientConnectionException: Database is already closed (to disable automatic closing at VM shutdown, add ";DB_CLOSE_ON_EXIT=FALSE" to the db URL) [90121-200]
	at org.h2.message.DbException.getJdbcSQLException(DbException.java:622)
	at org.h2.message.DbException.getJdbcSQLException(DbException.java:429)
	at org.h2.message.DbException.get(DbException.java:205)
	at org.h2.message.DbException.get(DbException.java:181)
	at org.h2.message.DbException.get(DbException.java:170)
	at org.h2.jdbc.JdbcConnection.checkClosed(JdbcConnection.java:1514)
	at org.h2.jdbc.JdbcConnection.checkClosed(JdbcConnection.java:1490)
	at org.h2.jdbc.JdbcConnection.getMetaData(JdbcConnection.java:400)
	at com.zaxxer.hikari.pool.ProxyConnection.getMetaData(ProxyConnection.java:380)
	at com.zaxxer.hikari.pool.HikariProxyConnection.getMetaData(HikariProxyConnection.java)
	at org.springframework.jdbc.support.JdbcUtils.extractDatabaseMetaData(JdbcUtils.java:340)
	... 11 common frames omitted
2025-07-01 00:24:16.914 [Thread-10] WARN  o.s.jdbc.support.SQLErrorCodesFactory - Error while extracting database name
org.springframework.jdbc.support.MetaDataAccessException: Error while extracting DatabaseMetaData; nested exception is org.h2.jdbc.JdbcSQLNonTransientConnectionException: Database is already closed (to disable automatic closing at VM shutdown, add ";DB_CLOSE_ON_EXIT=FALSE" to the db URL) [90121-200]
	at org.springframework.jdbc.support.JdbcUtils.extractDatabaseMetaData(JdbcUtils.java:366)
	at org.springframework.jdbc.support.SQLErrorCodesFactory.resolveErrorCodes(SQLErrorCodesFactory.java:235)
	at org.springframework.jdbc.support.SQLErrorCodeSQLExceptionTranslator.lambda$setDataSource$0(SQLErrorCodeSQLExceptionTranslator.java:140)
	at org.springframework.util.function.SingletonSupplier.get(SingletonSupplier.java:97)
	at org.springframework.util.function.SupplierUtils.resolve(SupplierUtils.java:40)
	at org.springframework.jdbc.support.SQLErrorCodeSQLExceptionTranslator.getSqlErrorCodes(SQLErrorCodeSQLExceptionTranslator.java:171)
	at org.springframework.jdbc.support.SQLErrorCodeSQLExceptionTranslator.doTranslate(SQLErrorCodeSQLExceptionTranslator.java:193)
	at org.springframework.jdbc.support.AbstractFallbackSQLExceptionTranslator.translate(AbstractFallbackSQLExceptionTranslator.java:70)
	at org.springframework.jdbc.core.JdbcTemplate.translateException(JdbcTemplate.java:1541)
	at org.springframework.jdbc.core.JdbcTemplate.execute(JdbcTemplate.java:393)
	at org.springframework.jdbc.core.JdbcTemplate.execute(JdbcTemplate.java:431)
	at com.project.system.service.impl.SandboxInitializeImpl.lambda$initializeSandbox$0(SandboxInitializeImpl.java:50)
	at java.base/java.lang.Thread.run(Thread.java:842)
Caused by: org.h2.jdbc.JdbcSQLNonTransientConnectionException: Database is already closed (to disable automatic closing at VM shutdown, add ";DB_CLOSE_ON_EXIT=FALSE" to the db URL) [90121-200]
	at org.h2.message.DbException.getJdbcSQLException(DbException.java:622)
	at org.h2.message.DbException.getJdbcSQLException(DbException.java:429)
	at org.h2.message.DbException.get(DbException.java:205)
	at org.h2.message.DbException.get(DbException.java:181)
	at org.h2.message.DbException.get(DbException.java:170)
	at org.h2.jdbc.JdbcConnection.checkClosed(JdbcConnection.java:1514)
	at org.h2.jdbc.JdbcConnection.checkClosed(JdbcConnection.java:1490)
	at org.h2.jdbc.JdbcConnection.getMetaData(JdbcConnection.java:400)
	at com.zaxxer.hikari.pool.ProxyConnection.getMetaData(ProxyConnection.java:380)
	at com.zaxxer.hikari.pool.HikariProxyConnection.getMetaData(HikariProxyConnection.java)
	at org.springframework.jdbc.support.JdbcUtils.extractDatabaseMetaData(JdbcUtils.java:340)
	... 12 common frames omitted
2025-07-01 00:24:32.517 [background-preinit] WARN  o.s.h.converter.json.Jackson2ObjectMapperBuilder - For Jackson Kotlin classes support please add "com.fasterxml.jackson.module:jackson-module-kotlin" to the classpath
2025-07-01 22:18:42.604 [background-preinit] WARN  o.s.h.converter.json.Jackson2ObjectMapperBuilder - For Jackson Kotlin classes support please add "com.fasterxml.jackson.module:jackson-module-kotlin" to the classpath
2025-07-01 22:19:03.558 [background-preinit] WARN  o.s.h.converter.json.Jackson2ObjectMapperBuilder - For Jackson Kotlin classes support please add "com.fasterxml.jackson.module:jackson-module-kotlin" to the classpath
2025-07-01 22:35:36.558 [background-preinit] WARN  o.s.h.converter.json.Jackson2ObjectMapperBuilder - For Jackson Kotlin classes support please add "com.fasterxml.jackson.module:jackson-module-kotlin" to the classpath
2025-07-01 23:03:56.452 [background-preinit] WARN  o.s.h.converter.json.Jackson2ObjectMapperBuilder - For Jackson Kotlin classes support please add "com.fasterxml.jackson.module:jackson-module-kotlin" to the classpath
2025-07-02 15:15:27.827 [background-preinit] WARN  o.s.h.converter.json.Jackson2ObjectMapperBuilder - For Jackson Kotlin classes support please add "com.fasterxml.jackson.module:jackson-module-kotlin" to the classpath
2025-07-02 15:16:08.752 [background-preinit] WARN  o.s.h.converter.json.Jackson2ObjectMapperBuilder - For Jackson Kotlin classes support please add "com.fasterxml.jackson.module:jackson-module-kotlin" to the classpath
2025-07-02 15:53:27.944 [background-preinit] WARN  o.s.h.converter.json.Jackson2ObjectMapperBuilder - For Jackson Kotlin classes support please add "com.fasterxml.jackson.module:jackson-module-kotlin" to the classpath
2025-07-02 15:59:21.961 [background-preinit] WARN  o.s.h.converter.json.Jackson2ObjectMapperBuilder - For Jackson Kotlin classes support please add "com.fasterxml.jackson.module:jackson-module-kotlin" to the classpath
2025-07-02 16:00:17.765 [background-preinit] WARN  o.s.h.converter.json.Jackson2ObjectMapperBuilder - For Jackson Kotlin classes support please add "com.fasterxml.jackson.module:jackson-module-kotlin" to the classpath
2025-07-02 16:15:11.718 [background-preinit] WARN  o.s.h.converter.json.Jackson2ObjectMapperBuilder - For Jackson Kotlin classes support please add "com.fasterxml.jackson.module:jackson-module-kotlin" to the classpath
2025-07-02 16:16:21.075 [background-preinit] WARN  o.s.h.converter.json.Jackson2ObjectMapperBuilder - For Jackson Kotlin classes support please add "com.fasterxml.jackson.module:jackson-module-kotlin" to the classpath
2025-07-02 16:23:05.837 [http-nio-8080-exec-3] WARN  o.s.w.s.m.m.a.ExceptionHandlerExceptionResolver - Resolved [org.springframework.jdbc.BadSqlGrammarException: 
### Error querying database.  Cause: java.sql.SQLSyntaxErrorException: Unknown column 'checked' in 'field list'
### The error may exist in com/project/system/mapper/TaskStudentMapper.java (best guess)
### The error may involve defaultParameterMap
### The error occurred while setting parameters
### SQL: SELECT  id,user_id,user_name,teacher_id,teacher_name,task_id,task_name,state,checked  FROM task_student     WHERE (task_id = ?) LIMIT ?
### Cause: java.sql.SQLSyntaxErrorException: Unknown column 'checked' in 'field list'
; bad SQL grammar []; nested exception is java.sql.SQLSyntaxErrorException: Unknown column 'checked' in 'field list']
2025-07-02 16:29:36.924 [background-preinit] WARN  o.s.h.converter.json.Jackson2ObjectMapperBuilder - For Jackson Kotlin classes support please add "com.fasterxml.jackson.module:jackson-module-kotlin" to the classpath
2025-07-02 16:29:53.434 [http-nio-8080-exec-5] WARN  o.s.w.s.m.m.a.ExceptionHandlerExceptionResolver - Failure in @ExceptionHandler com.project.admin.controller.GlobalExceptionHandler#handleException(Exception)
org.apache.catalina.connector.ClientAbortException: java.io.IOException: 你的主机中的软件中止了一个已建立的连接。
	at org.apache.catalina.connector.OutputBuffer.realWriteBytes(OutputBuffer.java:351)
	at org.apache.catalina.connector.OutputBuffer.flushByteBuffer(OutputBuffer.java:776)
	at org.apache.catalina.connector.OutputBuffer.append(OutputBuffer.java:681)
	at org.apache.catalina.connector.OutputBuffer.writeBytes(OutputBuffer.java:386)
	at org.apache.catalina.connector.OutputBuffer.write(OutputBuffer.java:364)
	at org.apache.catalina.connector.CoyoteOutputStream.write(CoyoteOutputStream.java:96)
	at org.springframework.util.StreamUtils$NonClosingOutputStream.write(StreamUtils.java:287)
	at com.fasterxml.jackson.core.json.UTF8JsonGenerator._flushBuffer(UTF8JsonGenerator.java:2161)
	at com.fasterxml.jackson.core.json.UTF8JsonGenerator.flush(UTF8JsonGenerator.java:1175)
	at com.fasterxml.jackson.databind.ObjectWriter.writeValue(ObjectWriter.java:1008)
	at org.springframework.http.converter.json.AbstractJackson2HttpMessageConverter.writeInternal(AbstractJackson2HttpMessageConverter.java:345)
	at org.springframework.http.converter.AbstractGenericHttpMessageConverter.write(AbstractGenericHttpMessageConverter.java:104)
	at org.springframework.web.servlet.mvc.method.annotation.AbstractMessageConverterMethodProcessor.writeWithMessageConverters(AbstractMessageConverterMethodProcessor.java:277)
	at org.springframework.web.servlet.mvc.method.annotation.RequestResponseBodyMethodProcessor.handleReturnValue(RequestResponseBodyMethodProcessor.java:181)
	at org.springframework.web.method.support.HandlerMethodReturnValueHandlerComposite.handleReturnValue(HandlerMethodReturnValueHandlerComposite.java:78)
	at org.springframework.web.servlet.mvc.method.annotation.ServletInvocableHandlerMethod.invokeAndHandle(ServletInvocableHandlerMethod.java:124)
	at org.springframework.web.servlet.mvc.method.annotation.ExceptionHandlerExceptionResolver.doResolveHandlerMethodException(ExceptionHandlerExceptionResolver.java:428)
	at org.springframework.web.servlet.handler.AbstractHandlerMethodExceptionResolver.doResolveException(AbstractHandlerMethodExceptionResolver.java:75)
	at org.springframework.web.servlet.handler.AbstractHandlerExceptionResolver.resolveException(AbstractHandlerExceptionResolver.java:141)
	at org.springframework.web.servlet.handler.HandlerExceptionResolverComposite.resolveException(HandlerExceptionResolverComposite.java:80)
	at org.springframework.web.servlet.DispatcherServlet.processHandlerException(DispatcherServlet.java:1320)
	at org.springframework.web.servlet.DispatcherServlet.processDispatchResult(DispatcherServlet.java:1131)
	at org.springframework.web.servlet.DispatcherServlet.doDispatch(DispatcherServlet.java:1077)
	at org.springframework.web.servlet.DispatcherServlet.doService(DispatcherServlet.java:962)
	at org.springframework.web.servlet.FrameworkServlet.processRequest(FrameworkServlet.java:1006)
	at org.springframework.web.servlet.FrameworkServlet.doGet(FrameworkServlet.java:898)
	at javax.servlet.http.HttpServlet.service(HttpServlet.java:626)
	at org.springframework.web.servlet.FrameworkServlet.service(FrameworkServlet.java:883)
	at javax.servlet.http.HttpServlet.service(HttpServlet.java:733)
	at org.apache.catalina.core.ApplicationFilterChain.internalDoFilter(ApplicationFilterChain.java:231)
	at org.apache.catalina.core.ApplicationFilterChain.doFilter(ApplicationFilterChain.java:166)
	at org.apache.tomcat.websocket.server.WsFilter.doFilter(WsFilter.java:53)
	at org.apache.catalina.core.ApplicationFilterChain.internalDoFilter(ApplicationFilterChain.java:193)
	at org.apache.catalina.core.ApplicationFilterChain.doFilter(ApplicationFilterChain.java:166)
	at org.apache.shiro.web.servlet.ProxiedFilterChain.doFilter(ProxiedFilterChain.java:61)
	at org.apache.shiro.web.servlet.AdviceFilter.executeChain(AdviceFilter.java:108)
	at org.apache.shiro.web.servlet.AdviceFilter.doFilterInternal(AdviceFilter.java:137)
	at org.apache.shiro.web.servlet.OncePerRequestFilter.doFilter(OncePerRequestFilter.java:125)
	at org.apache.shiro.web.servlet.ProxiedFilterChain.doFilter(ProxiedFilterChain.java:66)
	at org.apache.shiro.web.servlet.AdviceFilter.executeChain(AdviceFilter.java:108)
	at org.apache.shiro.web.servlet.AdviceFilter.doFilterInternal(AdviceFilter.java:137)
	at org.apache.shiro.web.servlet.OncePerRequestFilter.doFilter(OncePerRequestFilter.java:125)
	at org.apache.shiro.web.servlet.ProxiedFilterChain.doFilter(ProxiedFilterChain.java:66)
	at org.apache.shiro.web.servlet.AbstractShiroFilter.executeChain(AbstractShiroFilter.java:450)
	at org.apache.shiro.web.servlet.AbstractShiroFilter$1.call(AbstractShiroFilter.java:365)
	at org.apache.shiro.subject.support.SubjectCallable.doCall(SubjectCallable.java:90)
	at org.apache.shiro.subject.support.SubjectCallable.call(SubjectCallable.java:83)
	at org.apache.shiro.subject.support.DelegatingSubject.execute(DelegatingSubject.java:387)
	at org.apache.shiro.web.servlet.AbstractShiroFilter.doFilterInternal(AbstractShiroFilter.java:362)
	at org.apache.shiro.web.servlet.OncePerRequestFilter.doFilter(OncePerRequestFilter.java:125)
	at org.apache.catalina.core.ApplicationFilterChain.internalDoFilter(ApplicationFilterChain.java:193)
	at org.apache.catalina.core.ApplicationFilterChain.doFilter(ApplicationFilterChain.java:166)
	at org.springframework.web.filter.CorsFilter.doFilterInternal(CorsFilter.java:91)
	at org.springframework.web.filter.OncePerRequestFilter.doFilter(OncePerRequestFilter.java:119)
	at org.apache.catalina.core.ApplicationFilterChain.internalDoFilter(ApplicationFilterChain.java:193)
	at org.apache.catalina.core.ApplicationFilterChain.doFilter(ApplicationFilterChain.java:166)
	at com.alibaba.druid.support.http.WebStatFilter.doFilter(WebStatFilter.java:114)
	at org.apache.catalina.core.ApplicationFilterChain.internalDoFilter(ApplicationFilterChain.java:193)
	at org.apache.catalina.core.ApplicationFilterChain.doFilter(ApplicationFilterChain.java:166)
	at org.springframework.web.filter.RequestContextFilter.doFilterInternal(RequestContextFilter.java:100)
	at org.springframework.web.filter.OncePerRequestFilter.doFilter(OncePerRequestFilter.java:119)
	at org.apache.catalina.core.ApplicationFilterChain.internalDoFilter(ApplicationFilterChain.java:193)
	at org.apache.catalina.core.ApplicationFilterChain.doFilter(ApplicationFilterChain.java:166)
	at org.springframework.web.filter.FormContentFilter.doFilterInternal(FormContentFilter.java:93)
	at org.springframework.web.filter.OncePerRequestFilter.doFilter(OncePerRequestFilter.java:119)
	at org.apache.catalina.core.ApplicationFilterChain.internalDoFilter(ApplicationFilterChain.java:193)
	at org.apache.catalina.core.ApplicationFilterChain.doFilter(ApplicationFilterChain.java:166)
	at org.springframework.web.filter.CharacterEncodingFilter.doFilterInternal(CharacterEncodingFilter.java:201)
	at org.springframework.web.filter.OncePerRequestFilter.doFilter(OncePerRequestFilter.java:119)
	at org.apache.catalina.core.ApplicationFilterChain.internalDoFilter(ApplicationFilterChain.java:193)
	at org.apache.catalina.core.ApplicationFilterChain.doFilter(ApplicationFilterChain.java:166)
	at org.apache.catalina.core.StandardWrapperValve.invoke(StandardWrapperValve.java:202)
	at org.apache.catalina.core.StandardContextValve.invoke(StandardContextValve.java:97)
	at org.apache.catalina.authenticator.AuthenticatorBase.invoke(AuthenticatorBase.java:542)
	at org.apache.catalina.core.StandardHostValve.invoke(StandardHostValve.java:143)
	at org.apache.catalina.valves.ErrorReportValve.invoke(ErrorReportValve.java:92)
	at org.apache.catalina.core.StandardEngineValve.invoke(StandardEngineValve.java:78)
	at org.apache.catalina.connector.CoyoteAdapter.service(CoyoteAdapter.java:343)
	at org.apache.coyote.http11.Http11Processor.service(Http11Processor.java:374)
	at org.apache.coyote.AbstractProcessorLight.process(AbstractProcessorLight.java:65)
	at org.apache.coyote.AbstractProtocol$ConnectionHandler.process(AbstractProtocol.java:888)
	at org.apache.tomcat.util.net.NioEndpoint$SocketProcessor.doRun(NioEndpoint.java:1597)
	at org.apache.tomcat.util.net.SocketProcessorBase.run(SocketProcessorBase.java:49)
	at java.base/java.util.concurrent.ThreadPoolExecutor.runWorker(ThreadPoolExecutor.java:1136)
	at java.base/java.util.concurrent.ThreadPoolExecutor$Worker.run(ThreadPoolExecutor.java:635)
	at org.apache.tomcat.util.threads.TaskThread$WrappingRunnable.run(TaskThread.java:61)
	at java.base/java.lang.Thread.run(Thread.java:833)
Caused by: java.io.IOException: 你的主机中的软件中止了一个已建立的连接。
	at java.base/sun.nio.ch.SocketDispatcher.write0(Native Method)
	at java.base/sun.nio.ch.SocketDispatcher.write(SocketDispatcher.java:54)
	at java.base/sun.nio.ch.IOUtil.writeFromNativeBuffer(IOUtil.java:132)
	at java.base/sun.nio.ch.IOUtil.write(IOUtil.java:97)
	at java.base/sun.nio.ch.IOUtil.write(IOUtil.java:53)
	at java.base/sun.nio.ch.SocketChannelImpl.write(SocketChannelImpl.java:532)
	at org.apache.tomcat.util.net.NioChannel.write(NioChannel.java:138)
	at org.apache.tomcat.util.net.NioBlockingSelector.write(NioBlockingSelector.java:101)
	at org.apache.tomcat.util.net.NioSelectorPool.write(NioSelectorPool.java:152)
	at org.apache.tomcat.util.net.NioEndpoint$NioSocketWrapper.doWrite(NioEndpoint.java:1253)
	at org.apache.tomcat.util.net.SocketWrapperBase.doWrite(SocketWrapperBase.java:764)
	at org.apache.tomcat.util.net.SocketWrapperBase.writeBlocking(SocketWrapperBase.java:584)
	at org.apache.tomcat.util.net.SocketWrapperBase.write(SocketWrapperBase.java:528)
	at org.apache.coyote.http11.Http11OutputBuffer$SocketOutputBuffer.doWrite(Http11OutputBuffer.java:546)
	at org.apache.coyote.http11.filters.ChunkedOutputFilter.doWrite(ChunkedOutputFilter.java:110)
	at org.apache.coyote.http11.Http11OutputBuffer.doWrite(Http11OutputBuffer.java:193)
	at org.apache.coyote.Response.doWrite(Response.java:601)
	at org.apache.catalina.connector.OutputBuffer.realWriteBytes(OutputBuffer.java:339)
	... 86 common frames omitted
2025-07-02 16:30:01.538 [http-nio-8080-exec-26] WARN  o.s.w.s.m.m.a.ExceptionHandlerExceptionResolver - Resolved [org.springframework.jdbc.BadSqlGrammarException: 
### Error querying database.  Cause: java.sql.SQLSyntaxErrorException: Unknown column 'checked' in 'field list'
### The error may exist in com/project/system/mapper/TaskStudentMapper.java (best guess)
### The error may involve defaultParameterMap
### The error occurred while setting parameters
### SQL: SELECT  id,user_id,user_name,teacher_id,teacher_name,task_id,task_name,state,checked  FROM task_student     WHERE (task_id = ?) LIMIT ?
### Cause: java.sql.SQLSyntaxErrorException: Unknown column 'checked' in 'field list'
; bad SQL grammar []; nested exception is java.sql.SQLSyntaxErrorException: Unknown column 'checked' in 'field list']
2025-07-02 16:32:10.671 [background-preinit] WARN  o.s.h.converter.json.Jackson2ObjectMapperBuilder - For Jackson Kotlin classes support please add "com.fasterxml.jackson.module:jackson-module-kotlin" to the classpath
2025-07-02 16:32:29.141 [http-nio-8080-exec-22] WARN  o.s.w.s.m.m.a.ExceptionHandlerExceptionResolver - Resolved [org.springframework.jdbc.BadSqlGrammarException: 
### Error querying database.  Cause: java.sql.SQLSyntaxErrorException: Unknown column 'checked' in 'field list'
### The error may exist in com/project/system/mapper/TaskStudentMapper.java (best guess)
### The error may involve defaultParameterMap
### The error occurred while setting parameters
### SQL: SELECT  id,user_id,user_name,teacher_id,teacher_name,task_id,task_name,state,checked  FROM task_student     WHERE (task_id = ?) LIMIT ?
### Cause: java.sql.SQLSyntaxErrorException: Unknown column 'checked' in 'field list'
; bad SQL grammar []; nested exception is java.sql.SQLSyntaxErrorException: Unknown column 'checked' in 'field list']
2025-07-02 16:36:51.883 [background-preinit] WARN  o.s.h.converter.json.Jackson2ObjectMapperBuilder - For Jackson Kotlin classes support please add "com.fasterxml.jackson.module:jackson-module-kotlin" to the classpath
2025-07-02 16:44:09.859 [background-preinit] WARN  o.s.h.converter.json.Jackson2ObjectMapperBuilder - For Jackson Kotlin classes support please add "com.fasterxml.jackson.module:jackson-module-kotlin" to the classpath
2025-07-02 16:56:25.865 [background-preinit] WARN  o.s.h.converter.json.Jackson2ObjectMapperBuilder - For Jackson Kotlin classes support please add "com.fasterxml.jackson.module:jackson-module-kotlin" to the classpath
2025-07-02 17:09:15.648 [Thread-10] WARN  o.s.jdbc.support.SQLErrorCodesFactory - Error while extracting database name
org.springframework.jdbc.support.MetaDataAccessException: Error while extracting DatabaseMetaData; nested exception is org.h2.jdbc.JdbcSQLNonTransientConnectionException: Database is already closed (to disable automatic closing at VM shutdown, add ";DB_CLOSE_ON_EXIT=FALSE" to the db URL) [90121-200]
	at org.springframework.jdbc.support.JdbcUtils.extractDatabaseMetaData(JdbcUtils.java:366)
	at org.springframework.jdbc.support.SQLErrorCodesFactory.resolveErrorCodes(SQLErrorCodesFactory.java:235)
	at org.springframework.jdbc.support.SQLErrorCodeSQLExceptionTranslator.lambda$setDataSource$0(SQLErrorCodeSQLExceptionTranslator.java:140)
	at org.springframework.util.function.SingletonSupplier.get(SingletonSupplier.java:97)
	at org.springframework.jdbc.support.SQLErrorCodeSQLExceptionTranslator.setDataSource(SQLErrorCodeSQLExceptionTranslator.java:141)
	at org.springframework.jdbc.support.SQLErrorCodeSQLExceptionTranslator.<init>(SQLErrorCodeSQLExceptionTranslator.java:102)
	at org.springframework.jdbc.support.JdbcAccessor.getExceptionTranslator(JdbcAccessor.java:136)
	at org.springframework.jdbc.core.JdbcTemplate.translateException(JdbcTemplate.java:1541)
	at org.springframework.jdbc.core.JdbcTemplate.execute(JdbcTemplate.java:393)
	at org.springframework.jdbc.core.JdbcTemplate.execute(JdbcTemplate.java:431)
	at com.project.system.service.impl.SandboxInitializeImpl.lambda$initializeSandbox$0(SandboxInitializeImpl.java:50)
	at java.base/java.lang.Thread.run(Thread.java:842)
Caused by: org.h2.jdbc.JdbcSQLNonTransientConnectionException: Database is already closed (to disable automatic closing at VM shutdown, add ";DB_CLOSE_ON_EXIT=FALSE" to the db URL) [90121-200]
	at org.h2.message.DbException.getJdbcSQLException(DbException.java:622)
	at org.h2.message.DbException.getJdbcSQLException(DbException.java:429)
	at org.h2.message.DbException.get(DbException.java:205)
	at org.h2.message.DbException.get(DbException.java:181)
	at org.h2.message.DbException.get(DbException.java:170)
	at org.h2.jdbc.JdbcConnection.checkClosed(JdbcConnection.java:1514)
	at org.h2.jdbc.JdbcConnection.checkClosed(JdbcConnection.java:1490)
	at org.h2.jdbc.JdbcConnection.getMetaData(JdbcConnection.java:400)
	at com.zaxxer.hikari.pool.ProxyConnection.getMetaData(ProxyConnection.java:380)
	at com.zaxxer.hikari.pool.HikariProxyConnection.getMetaData(HikariProxyConnection.java)
	at org.springframework.jdbc.support.JdbcUtils.extractDatabaseMetaData(JdbcUtils.java:340)
	... 11 common frames omitted
2025-07-02 17:09:15.650 [Thread-10] WARN  o.s.jdbc.support.SQLErrorCodesFactory - Error while extracting database name
org.springframework.jdbc.support.MetaDataAccessException: Error while extracting DatabaseMetaData; nested exception is org.h2.jdbc.JdbcSQLNonTransientConnectionException: Database is already closed (to disable automatic closing at VM shutdown, add ";DB_CLOSE_ON_EXIT=FALSE" to the db URL) [90121-200]
	at org.springframework.jdbc.support.JdbcUtils.extractDatabaseMetaData(JdbcUtils.java:366)
	at org.springframework.jdbc.support.SQLErrorCodesFactory.resolveErrorCodes(SQLErrorCodesFactory.java:235)
	at org.springframework.jdbc.support.SQLErrorCodeSQLExceptionTranslator.lambda$setDataSource$0(SQLErrorCodeSQLExceptionTranslator.java:140)
	at org.springframework.util.function.SingletonSupplier.get(SingletonSupplier.java:97)
	at org.springframework.util.function.SupplierUtils.resolve(SupplierUtils.java:40)
	at org.springframework.jdbc.support.SQLErrorCodeSQLExceptionTranslator.getSqlErrorCodes(SQLErrorCodeSQLExceptionTranslator.java:171)
	at org.springframework.jdbc.support.SQLErrorCodeSQLExceptionTranslator.doTranslate(SQLErrorCodeSQLExceptionTranslator.java:193)
	at org.springframework.jdbc.support.AbstractFallbackSQLExceptionTranslator.translate(AbstractFallbackSQLExceptionTranslator.java:70)
	at org.springframework.jdbc.core.JdbcTemplate.translateException(JdbcTemplate.java:1541)
	at org.springframework.jdbc.core.JdbcTemplate.execute(JdbcTemplate.java:393)
	at org.springframework.jdbc.core.JdbcTemplate.execute(JdbcTemplate.java:431)
	at com.project.system.service.impl.SandboxInitializeImpl.lambda$initializeSandbox$0(SandboxInitializeImpl.java:50)
	at java.base/java.lang.Thread.run(Thread.java:842)
Caused by: org.h2.jdbc.JdbcSQLNonTransientConnectionException: Database is already closed (to disable automatic closing at VM shutdown, add ";DB_CLOSE_ON_EXIT=FALSE" to the db URL) [90121-200]
	at org.h2.message.DbException.getJdbcSQLException(DbException.java:622)
	at org.h2.message.DbException.getJdbcSQLException(DbException.java:429)
	at org.h2.message.DbException.get(DbException.java:205)
	at org.h2.message.DbException.get(DbException.java:181)
	at org.h2.message.DbException.get(DbException.java:170)
	at org.h2.jdbc.JdbcConnection.checkClosed(JdbcConnection.java:1514)
	at org.h2.jdbc.JdbcConnection.checkClosed(JdbcConnection.java:1490)
	at org.h2.jdbc.JdbcConnection.getMetaData(JdbcConnection.java:400)
	at com.zaxxer.hikari.pool.ProxyConnection.getMetaData(ProxyConnection.java:380)
	at com.zaxxer.hikari.pool.HikariProxyConnection.getMetaData(HikariProxyConnection.java)
	at org.springframework.jdbc.support.JdbcUtils.extractDatabaseMetaData(JdbcUtils.java:340)
	... 12 common frames omitted
2025-07-02 17:13:07.774 [background-preinit] WARN  o.s.h.converter.json.Jackson2ObjectMapperBuilder - For Jackson Kotlin classes support please add "com.fasterxml.jackson.module:jackson-module-kotlin" to the classpath
2025-07-02 17:15:18.494 [background-preinit] WARN  o.s.h.converter.json.Jackson2ObjectMapperBuilder - For Jackson Kotlin classes support please add "com.fasterxml.jackson.module:jackson-module-kotlin" to the classpath
2025-07-02 17:39:58.285 [background-preinit] WARN  o.s.h.converter.json.Jackson2ObjectMapperBuilder - For Jackson Kotlin classes support please add "com.fasterxml.jackson.module:jackson-module-kotlin" to the classpath
2025-07-02 17:40:15.583 [http-nio-8080-exec-3] WARN  o.s.w.s.m.m.a.ExceptionHandlerExceptionResolver - Resolved [org.springframework.dao.DataIntegrityViolationException: Error attempting to get column 'id' from result set.  Cause: java.sql.SQLDataException: Value '1940329740032303105' is outside of valid range for type java.lang.Integer
; Value '1940329740032303105' is outside of valid range for type java.lang.Integer; nested exception is java.sql.SQLDataException: Value '1940329740032303105' is outside of valid range for type java.lang.Integer]
2025-07-02 17:40:52.781 [http-nio-8080-exec-9] WARN  o.s.w.s.m.m.a.ExceptionHandlerExceptionResolver - Resolved [org.springframework.dao.DataIntegrityViolationException: 
### Error updating database.  Cause: java.sql.SQLException: Field 'id' doesn't have a default value
### The error may exist in com/project/system/mapper/TemplateMapper.java (best guess)
### The error may involve com.project.system.mapper.TemplateMapper.insert-Inline
### The error occurred while setting parameters
### SQL: INSERT INTO document_template  ( name, file_type, file_content,  created_at, share_permission )  VALUES  ( ?, ?, ?,  ?, ? )
### Cause: java.sql.SQLException: Field 'id' doesn't have a default value
; Field 'id' doesn't have a default value; nested exception is java.sql.SQLException: Field 'id' doesn't have a default value]
2025-07-02 17:42:20.047 [http-nio-8080-exec-11] WARN  o.s.w.s.m.m.a.ExceptionHandlerExceptionResolver - Resolved [org.springframework.dao.DataIntegrityViolationException: 
### Error updating database.  Cause: java.sql.SQLException: Field 'id' doesn't have a default value
### The error may exist in com/project/system/mapper/TemplateMapper.java (best guess)
### The error may involve com.project.system.mapper.TemplateMapper.insert-Inline
### The error occurred while setting parameters
### SQL: INSERT INTO document_template  ( name, file_type, file_content,  created_at, share_permission )  VALUES  ( ?, ?, ?,  ?, ? )
### Cause: java.sql.SQLException: Field 'id' doesn't have a default value
; Field 'id' doesn't have a default value; nested exception is java.sql.SQLException: Field 'id' doesn't have a default value]
2025-07-02 17:46:24.714 [background-preinit] WARN  o.s.h.converter.json.Jackson2ObjectMapperBuilder - For Jackson Kotlin classes support please add "com.fasterxml.jackson.module:jackson-module-kotlin" to the classpath
2025-07-02 17:46:38.056 [http-nio-8080-exec-1] WARN  o.s.w.s.m.m.a.ExceptionHandlerExceptionResolver - Resolved [org.springframework.dao.DataIntegrityViolationException: Error attempting to get column 'id' from result set.  Cause: java.sql.SQLDataException: Value '1940329740032303105' is outside of valid range for type java.lang.Integer
; Value '1940329740032303105' is outside of valid range for type java.lang.Integer; nested exception is java.sql.SQLDataException: Value '1940329740032303105' is outside of valid range for type java.lang.Integer]
2025-07-02 17:46:47.666 [http-nio-8080-exec-3] WARN  o.s.w.s.m.m.a.ExceptionHandlerExceptionResolver - Resolved [org.springframework.dao.DataIntegrityViolationException: Error attempting to get column 'id' from result set.  Cause: java.sql.SQLDataException: Value '1940329740032303105' is outside of valid range for type java.lang.Integer
; Value '1940329740032303105' is outside of valid range for type java.lang.Integer; nested exception is java.sql.SQLDataException: Value '1940329740032303105' is outside of valid range for type java.lang.Integer]
2025-07-02 17:50:55.428 [background-preinit] WARN  o.s.h.converter.json.Jackson2ObjectMapperBuilder - For Jackson Kotlin classes support please add "com.fasterxml.jackson.module:jackson-module-kotlin" to the classpath
2025-07-02 17:51:16.958 [http-nio-8080-exec-1] WARN  o.s.w.s.m.m.a.ExceptionHandlerExceptionResolver - Resolved [org.springframework.dao.DataIntegrityViolationException: 
### Error updating database.  Cause: java.sql.SQLException: Field 'id' doesn't have a default value
### The error may exist in com/project/system/mapper/TemplateMapper.java (best guess)
### The error may involve com.project.system.mapper.TemplateMapper.insert-Inline
### The error occurred while setting parameters
### SQL: INSERT INTO document_template  ( name, file_type, file_content,  created_at, share_permission )  VALUES  ( ?, ?, ?,  ?, ? )
### Cause: java.sql.SQLException: Field 'id' doesn't have a default value
; Field 'id' doesn't have a default value; nested exception is java.sql.SQLException: Field 'id' doesn't have a default value]
2025-07-02 17:51:24.404 [http-nio-8080-exec-3] WARN  o.s.w.s.m.m.a.ExceptionHandlerExceptionResolver - Resolved [org.springframework.dao.DataIntegrityViolationException: 
### Error updating database.  Cause: java.sql.SQLException: Field 'id' doesn't have a default value
### The error may exist in com/project/system/mapper/TemplateMapper.java (best guess)
### The error may involve com.project.system.mapper.TemplateMapper.insert-Inline
### The error occurred while setting parameters
### SQL: INSERT INTO document_template  ( name, file_type, file_content,  created_at, share_permission )  VALUES  ( ?, ?, ?,  ?, ? )
### Cause: java.sql.SQLException: Field 'id' doesn't have a default value
; Field 'id' doesn't have a default value; nested exception is java.sql.SQLException: Field 'id' doesn't have a default value]
2025-07-02 17:52:20.016 [background-preinit] WARN  o.s.h.converter.json.Jackson2ObjectMapperBuilder - For Jackson Kotlin classes support please add "com.fasterxml.jackson.module:jackson-module-kotlin" to the classpath
2025-07-02 17:53:25.905 [background-preinit] WARN  o.s.h.converter.json.Jackson2ObjectMapperBuilder - For Jackson Kotlin classes support please add "com.fasterxml.jackson.module:jackson-module-kotlin" to the classpath
2025-07-02 17:53:36.036 [http-nio-8080-exec-1] WARN  o.s.w.s.m.m.a.ExceptionHandlerExceptionResolver - Resolved [org.springframework.dao.DataIntegrityViolationException: Error attempting to get column 'id' from result set.  Cause: java.sql.SQLDataException: Value '1940329740032303105' is outside of valid range for type java.lang.Integer
; Value '1940329740032303105' is outside of valid range for type java.lang.Integer; nested exception is java.sql.SQLDataException: Value '1940329740032303105' is outside of valid range for type java.lang.Integer]
2025-07-02 17:53:48.888 [http-nio-8080-exec-5] WARN  o.s.w.s.m.m.a.ExceptionHandlerExceptionResolver - Resolved [org.springframework.dao.DataIntegrityViolationException: Error attempting to get column 'id' from result set.  Cause: java.sql.SQLDataException: Value '1940329740032303105' is outside of valid range for type java.lang.Integer
; Value '1940329740032303105' is outside of valid range for type java.lang.Integer; nested exception is java.sql.SQLDataException: Value '1940329740032303105' is outside of valid range for type java.lang.Integer]
2025-07-02 17:56:03.363 [background-preinit] WARN  o.s.h.converter.json.Jackson2ObjectMapperBuilder - For Jackson Kotlin classes support please add "com.fasterxml.jackson.module:jackson-module-kotlin" to the classpath
2025-07-02 17:57:45.596 [background-preinit] WARN  o.s.h.converter.json.Jackson2ObjectMapperBuilder - For Jackson Kotlin classes support please add "com.fasterxml.jackson.module:jackson-module-kotlin" to the classpath
2025-07-02 18:00:03.432 [background-preinit] WARN  o.s.h.converter.json.Jackson2ObjectMapperBuilder - For Jackson Kotlin classes support please add "com.fasterxml.jackson.module:jackson-module-kotlin" to the classpath
2025-07-02 18:01:55.751 [background-preinit] WARN  o.s.h.converter.json.Jackson2ObjectMapperBuilder - For Jackson Kotlin classes support please add "com.fasterxml.jackson.module:jackson-module-kotlin" to the classpath
2025-07-02 18:04:52.389 [http-nio-8080-exec-14] WARN  o.s.w.s.m.m.a.ExceptionHandlerExceptionResolver - Resolved [org.springframework.dao.DuplicateKeyException: 
### Error updating database.  Cause: java.sql.SQLIntegrityConstraintViolationException: Duplicate entry '1' for key 'document_template.PRIMARY'
### The error may exist in com/project/system/mapper/TemplateMapper.java (best guess)
### The error may involve com.project.system.mapper.TemplateMapper.insert-Inline
### The error occurred while setting parameters
### SQL: INSERT INTO document_template  ( id, name, file_type, file_content,  created_at, share_permission )  VALUES  ( ?, ?, ?, ?,  ?, ? )
### Cause: java.sql.SQLIntegrityConstraintViolationException: Duplicate entry '1' for key 'document_template.PRIMARY'
; Duplicate entry '1' for key 'document_template.PRIMARY'; nested exception is java.sql.SQLIntegrityConstraintViolationException: Duplicate entry '1' for key 'document_template.PRIMARY']
2025-07-02 18:12:09.709 [background-preinit] WARN  o.s.h.converter.json.Jackson2ObjectMapperBuilder - For Jackson Kotlin classes support please add "com.fasterxml.jackson.module:jackson-module-kotlin" to the classpath
2025-07-02 19:39:55.324 [http-nio-8080-exec-25] WARN  o.s.w.s.m.m.a.ExceptionHandlerExceptionResolver - Resolved [org.springframework.web.bind.MissingServletRequestParameterException: Required String parameter 'templateId' is not present]
2025-07-02 19:39:56.019 [http-nio-8080-exec-30] WARN  o.s.w.s.m.m.a.ExceptionHandlerExceptionResolver - Resolved [java.lang.NullPointerException: Cannot invoke "com.project.system.mapper.DocumentVersionMapper.selectList(com.baomidou.mybatisplus.core.conditions.Wrapper)" because "this.documentVersionMapper" is null]
2025-07-02 19:40:13.159 [http-nio-8080-exec-45] WARN  o.s.w.s.m.m.a.ExceptionHandlerExceptionResolver - Resolved [org.springframework.web.bind.MissingServletRequestParameterException: Required String parameter 'templateId' is not present]
2025-07-02 19:40:13.190 [http-nio-8080-exec-49] WARN  o.s.w.s.m.m.a.ExceptionHandlerExceptionResolver - Resolved [java.lang.NullPointerException: Cannot invoke "com.project.system.mapper.DocumentVersionMapper.selectList(com.baomidou.mybatisplus.core.conditions.Wrapper)" because "this.documentVersionMapper" is null]
2025-07-02 19:43:52.978 [http-nio-8080-exec-56] WARN  o.s.w.s.m.m.a.ExceptionHandlerExceptionResolver - Resolved [java.lang.NullPointerException: Cannot invoke "com.project.system.mapper.DocumentVersionMapper.selectList(com.baomidou.mybatisplus.core.conditions.Wrapper)" because "this.documentVersionMapper" is null]
2025-07-02 19:48:00.264 [http-nio-8080-exec-93] WARN  o.s.w.s.m.m.a.ExceptionHandlerExceptionResolver - Resolved [org.springframework.web.bind.MissingServletRequestParameterException: Required String parameter 'templateId' is not present]
2025-07-02 19:48:08.327 [http-nio-8080-exec-96] WARN  o.s.w.s.m.m.a.ExceptionHandlerExceptionResolver - Resolved [org.springframework.web.bind.MissingServletRequestParameterException: Required String parameter 'templateId' is not present]
2025-07-02 19:48:57.845 [http-nio-8080-exec-98] WARN  o.s.w.s.m.m.a.ExceptionHandlerExceptionResolver - Resolved [org.springframework.web.bind.MissingServletRequestParameterException: Required String parameter 'templateId' is not present]
2025-07-02 19:49:30.610 [http-nio-8080-exec-100] WARN  o.s.w.s.m.m.a.ExceptionHandlerExceptionResolver - Resolved [org.springframework.web.bind.MissingServletRequestParameterException: Required String parameter 'templateId' is not present]
2025-07-02 20:00:11.220 [http-nio-8080-exec-14] WARN  o.s.w.s.m.m.a.ExceptionHandlerExceptionResolver - Resolved [org.springframework.web.bind.MissingServletRequestParameterException: Required String parameter 'templateId' is not present]
2025-07-02 20:00:25.992 [http-nio-8080-exec-16] WARN  o.s.w.s.m.m.a.ExceptionHandlerExceptionResolver - Resolved [org.springframework.web.bind.MissingServletRequestParameterException: Required String parameter 'templateId' is not present]
2025-07-02 20:03:10.798 [http-nio-8080-exec-31] WARN  o.s.w.s.m.m.a.ExceptionHandlerExceptionResolver - Resolved [org.springframework.web.bind.MissingServletRequestParameterException: Required String parameter 'templateId' is not present]
2025-07-02 20:03:10.876 [http-nio-8080-exec-36] WARN  o.s.w.s.m.m.a.ExceptionHandlerExceptionResolver - Resolved [java.lang.NullPointerException: Cannot invoke "com.project.system.mapper.DocumentVersionMapper.selectList(com.baomidou.mybatisplus.core.conditions.Wrapper)" because "this.documentVersionMapper" is null]
2025-07-02 20:03:23.545 [http-nio-8080-exec-44] WARN  o.s.w.s.m.m.a.ExceptionHandlerExceptionResolver - Resolved [org.springframework.web.bind.MissingServletRequestParameterException: Required String parameter 'templateId' is not present]
2025-07-02 20:03:23.586 [http-nio-8080-exec-46] WARN  o.s.w.s.m.m.a.ExceptionHandlerExceptionResolver - Resolved [java.lang.NullPointerException: Cannot invoke "com.project.system.mapper.DocumentVersionMapper.selectList(com.baomidou.mybatisplus.core.conditions.Wrapper)" because "this.documentVersionMapper" is null]
2025-07-02 20:08:53.542 [http-nio-8080-exec-63] WARN  o.s.w.s.m.m.a.ExceptionHandlerExceptionResolver - Resolved [org.springframework.web.bind.MissingServletRequestParameterException: Required String parameter 'templateId' is not present]
2025-07-02 20:08:53.607 [http-nio-8080-exec-67] WARN  o.s.w.s.m.m.a.ExceptionHandlerExceptionResolver - Resolved [java.lang.NullPointerException: Cannot invoke "com.project.system.mapper.DocumentVersionMapper.selectList(com.baomidou.mybatisplus.core.conditions.Wrapper)" because "this.documentVersionMapper" is null]
2025-07-02 20:14:00.198 [http-nio-8080-exec-87] WARN  o.s.w.s.m.m.a.ExceptionHandlerExceptionResolver - Resolved [java.lang.NullPointerException: Cannot invoke "com.project.system.mapper.DocumentVersionMapper.selectList(com.baomidou.mybatisplus.core.conditions.Wrapper)" because "this.documentVersionMapper" is null]
2025-07-02 20:14:07.997 [http-nio-8080-exec-99] WARN  o.s.w.s.m.m.a.ExceptionHandlerExceptionResolver - Resolved [org.springframework.web.bind.MissingServletRequestParameterException: Required String parameter 'templateId' is not present]
2025-07-02 20:15:33.672 [http-nio-8080-exec-10] WARN  o.s.w.s.m.m.a.ExceptionHandlerExceptionResolver - Resolved [org.springframework.web.bind.MissingServletRequestParameterException: Required String parameter 'templateId' is not present]
2025-07-02 20:18:00.435 [http-nio-8080-exec-24] WARN  o.s.w.s.m.m.a.ExceptionHandlerExceptionResolver - Resolved [org.springframework.web.bind.MissingServletRequestParameterException: Required String parameter 'templateId' is not present]
2025-07-02 20:19:44.577 [http-nio-8080-exec-28] WARN  o.s.w.s.m.m.a.ExceptionHandlerExceptionResolver - Resolved [org.springframework.web.bind.MissingServletRequestParameterException: Required String parameter 'templateId' is not present]
2025-07-02 20:22:10.246 [http-nio-8080-exec-29] WARN  o.s.w.s.m.m.a.ExceptionHandlerExceptionResolver - Resolved [org.springframework.web.bind.MissingServletRequestParameterException: Required String parameter 'templateId' is not present]
2025-07-02 20:24:19.653 [background-preinit] WARN  o.s.h.converter.json.Jackson2ObjectMapperBuilder - For Jackson Kotlin classes support please add "com.fasterxml.jackson.module:jackson-module-kotlin" to the classpath
2025-07-02 20:26:00.818 [http-nio-8080-exec-10] WARN  o.s.w.s.m.m.a.ExceptionHandlerExceptionResolver - Resolved [java.lang.NullPointerException: Cannot invoke "com.project.system.mapper.DocumentVersionMapper.insert(Object)" because "this.documentVersionMapper" is null]
2025-07-02 20:26:28.530 [http-nio-8080-exec-12] WARN  o.s.w.s.m.m.a.ExceptionHandlerExceptionResolver - Resolved [java.lang.NullPointerException: Cannot invoke "com.project.system.mapper.DocumentVersionMapper.insert(Object)" because "this.documentVersionMapper" is null]
2025-07-02 20:29:45.631 [background-preinit] WARN  o.s.h.converter.json.Jackson2ObjectMapperBuilder - For Jackson Kotlin classes support please add "com.fasterxml.jackson.module:jackson-module-kotlin" to the classpath
2025-07-02 21:00:55.306 [http-nio-8080-exec-55] WARN  o.s.w.s.m.m.a.ExceptionHandlerExceptionResolver - Resolved [java.lang.NullPointerException: Cannot invoke "com.project.system.domain.Template.getFileContent()" because the return value of "com.project.system.mapper.TemplateMapper.selectById(java.io.Serializable)" is null]
2025-07-02 21:00:59.090 [http-nio-8080-exec-70] WARN  o.s.w.s.m.m.a.ExceptionHandlerExceptionResolver - Resolved [java.lang.NullPointerException: Cannot invoke "com.project.system.domain.Template.getFileContent()" because the return value of "com.project.system.mapper.TemplateMapper.selectById(java.io.Serializable)" is null]
2025-07-02 21:01:12.079 [http-nio-8080-exec-84] WARN  o.s.w.s.m.m.a.ExceptionHandlerExceptionResolver - Resolved [java.lang.NullPointerException: Cannot invoke "com.project.system.domain.Template.getFileContent()" because the return value of "com.project.system.mapper.TemplateMapper.selectById(java.io.Serializable)" is null]
2025-07-02 21:01:17.122 [http-nio-8080-exec-93] WARN  o.s.w.s.m.m.a.ExceptionHandlerExceptionResolver - Resolved [java.lang.NullPointerException: Cannot invoke "com.project.system.domain.Template.getFileContent()" because the return value of "com.project.system.mapper.TemplateMapper.selectById(java.io.Serializable)" is null]
2025-07-02 21:10:04.129 [http-nio-8080-exec-3] WARN  o.s.w.s.m.m.a.ExceptionHandlerExceptionResolver - Resolved [java.lang.NullPointerException: Cannot invoke "com.project.system.domain.Template.getFileContent()" because the return value of "com.project.system.mapper.TemplateMapper.selectById(java.io.Serializable)" is null]
2025-07-02 21:10:08.817 [http-nio-8080-exec-15] WARN  o.s.w.s.m.m.a.ExceptionHandlerExceptionResolver - Resolved [java.lang.NullPointerException: Cannot invoke "com.project.system.domain.Template.getFileContent()" because the return value of "com.project.system.mapper.TemplateMapper.selectById(java.io.Serializable)" is null]
2025-07-02 21:12:01.522 [http-nio-8080-exec-26] WARN  o.s.w.s.m.m.a.ExceptionHandlerExceptionResolver - Resolved [java.lang.NullPointerException: Cannot invoke "com.project.system.domain.Template.getFileContent()" because the return value of "com.project.system.mapper.TemplateMapper.selectById(java.io.Serializable)" is null]
2025-07-02 21:29:54.469 [http-nio-8080-exec-36] WARN  o.s.w.s.m.m.a.ExceptionHandlerExceptionResolver - Resolved [java.lang.NullPointerException: Cannot invoke "com.project.system.domain.Template.getFileContent()" because the return value of "com.project.system.mapper.TemplateMapper.selectById(java.io.Serializable)" is null]
2025-07-02 21:32:54.856 [http-nio-8080-exec-95] WARN  o.s.w.s.m.m.a.ExceptionHandlerExceptionResolver - Resolved [org.springframework.jdbc.BadSqlGrammarException: 
### Error querying database.  Cause: java.sql.SQLSyntaxErrorException: Expression #1 of SELECT list is not in GROUP BY clause and contains nonaggregated column 'learn.homework_student.id' which is not functionally dependent on columns in GROUP BY clause; this is incompatible with sql_mode=only_full_group_by
### The error may exist in com/project/system/mapper/HomeworkStudentMapper.java (best guess)
### The error may involve defaultParameterMap
### The error occurred while setting parameters
### SQL: SELECT  id,chapter_id,chapter_name,work_id,title,sort,answer,type,score,content,point,solution,user_id,remark,create_by,create_time,update_by,update_time  FROM homework_student     WHERE (user_id = ?) GROUP BY chapter_id
### Cause: java.sql.SQLSyntaxErrorException: Expression #1 of SELECT list is not in GROUP BY clause and contains nonaggregated column 'learn.homework_student.id' which is not functionally dependent on columns in GROUP BY clause; this is incompatible with sql_mode=only_full_group_by
; bad SQL grammar []; nested exception is java.sql.SQLSyntaxErrorException: Expression #1 of SELECT list is not in GROUP BY clause and contains nonaggregated column 'learn.homework_student.id' which is not functionally dependent on columns in GROUP BY clause; this is incompatible with sql_mode=only_full_group_by]
2025-07-02 21:38:03.287 [http-nio-8080-exec-2] WARN  o.s.w.s.m.m.a.ExceptionHandlerExceptionResolver - Resolved [org.springframework.jdbc.BadSqlGrammarException: 
### Error querying database.  Cause: java.sql.SQLSyntaxErrorException: Expression #1 of SELECT list is not in GROUP BY clause and contains nonaggregated column 'learn.homework_student.id' which is not functionally dependent on columns in GROUP BY clause; this is incompatible with sql_mode=only_full_group_by
### The error may exist in com/project/system/mapper/HomeworkStudentMapper.java (best guess)
### The error may involve defaultParameterMap
### The error occurred while setting parameters
### SQL: SELECT  id,chapter_id,chapter_name,work_id,title,sort,answer,type,score,content,point,solution,user_id,remark,create_by,create_time,update_by,update_time  FROM homework_student     WHERE (user_id = ?) GROUP BY chapter_id
### Cause: java.sql.SQLSyntaxErrorException: Expression #1 of SELECT list is not in GROUP BY clause and contains nonaggregated column 'learn.homework_student.id' which is not functionally dependent on columns in GROUP BY clause; this is incompatible with sql_mode=only_full_group_by
; bad SQL grammar []; nested exception is java.sql.SQLSyntaxErrorException: Expression #1 of SELECT list is not in GROUP BY clause and contains nonaggregated column 'learn.homework_student.id' which is not functionally dependent on columns in GROUP BY clause; this is incompatible with sql_mode=only_full_group_by]
2025-07-02 21:39:03.999 [http-nio-8080-exec-13] WARN  o.s.w.s.m.m.a.ExceptionHandlerExceptionResolver - Resolved [java.lang.NullPointerException: Cannot invoke "com.project.system.domain.Template.getFileContent()" because the return value of "com.project.system.mapper.TemplateMapper.selectById(java.io.Serializable)" is null]
